TN:
SF:src\AdminPanel.tsx
FN:18,AdminPanel
FN:22,logout
FN:39,cargarUsuarios
FN:53,cargarNotas
FNF:4
FNH:3
FNDA:5,AdminPanel
FNDA:0,logout
FNDA:3,cargarUsuarios
FNDA:3,cargarNotas
DA:1,1
DA:2,1
DA:3,1
DA:18,5
DA:19,5
DA:20,5
DA:21,5
DA:22,5
DA:23,0
DA:24,0
DA:25,0
DA:27,5
DA:29,5
DA:30,3
DA:31,0
DA:32,0
DA:33,0
DA:35,3
DA:36,3
DA:37,5
DA:39,5
DA:40,3
DA:41,3
DA:42,3
DA:43,3
DA:44,3
DA:45,3
DA:46,3
DA:47,3
DA:48,1
DA:49,1
DA:50,1
DA:51,3
DA:53,5
DA:54,3
DA:55,3
DA:56,3
DA:57,3
DA:58,3
DA:59,3
DA:60,2
DA:61,3
DA:62,1
DA:63,1
DA:64,3
DA:66,5
DA:67,5
DA:68,5
DA:69,5
DA:70,5
DA:71,5
DA:72,5
DA:73,5
DA:74,5
DA:75,5
DA:76,5
DA:77,5
DA:78,5
DA:79,5
DA:80,5
DA:81,5
DA:82,5
DA:83,5
DA:84,5
DA:85,5
DA:86,5
DA:87,5
DA:88,5
DA:89,5
DA:90,5
DA:91,5
DA:93,5
DA:94,5
DA:96,5
DA:97,5
DA:98,5
DA:99,5
DA:100,5
DA:101,5
DA:102,5
DA:103,5
DA:104,5
DA:105,5
DA:106,5
DA:107,5
DA:108,5
DA:109,5
DA:110,5
DA:111,5
DA:112,5
DA:113,5
DA:114,5
DA:115,5
DA:116,2
DA:117,2
DA:118,2
DA:119,2
DA:120,2
DA:121,5
DA:122,5
DA:123,5
DA:125,5
DA:126,5
DA:127,5
DA:128,5
DA:129,5
DA:130,5
DA:131,5
DA:132,2
DA:133,2
DA:134,2
DA:135,2
DA:136,2
DA:137,2
DA:138,2
DA:139,2
DA:140,2
DA:141,2
DA:142,2
DA:143,5
DA:144,5
DA:145,5
DA:147,5
DA:149,1
LF:124
LH:118
BRDA:18,0,0,5
BRDA:29,1,0,3
BRDA:30,2,0,0
BRDA:39,3,0,3
BRDA:45,4,0,2
BRDA:46,5,0,0
BRDA:47,6,0,1
BRDA:53,7,0,3
BRDA:59,8,0,2
BRDA:61,9,0,1
BRDA:115,10,0,2
BRDA:131,11,0,2
BRDA:140,12,0,0
BRF:13
BRH:10
end_of_record
TN:
SF:src\App.tsx
FN:11,App
FN:17,cargarNotas
FN:26,crearNota
FN:37,logout
FN:53,onChange
FN:59,onChange
FNF:6
FNH:6
FNDA:9,App
FNDA:5,cargarNotas
FNDA:1,crearNota
FNDA:1,logout
FNDA:1,onChange
FNDA:1,onChange
DA:1,1
DA:2,1
DA:3,1
DA:11,9
DA:12,9
DA:13,9
DA:14,9
DA:15,9
DA:17,9
DA:18,5
DA:19,5
DA:20,4
DA:21,5
DA:22,1
DA:23,1
DA:24,5
DA:26,9
DA:27,1
DA:28,1
DA:29,1
DA:30,1
DA:31,1
DA:32,1
DA:33,1
DA:34,1
DA:35,1
DA:37,9
DA:38,1
DA:39,1
DA:40,1
DA:42,9
DA:43,4
DA:44,9
DA:46,9
DA:47,9
DA:48,9
DA:49,9
DA:50,9
DA:51,9
DA:52,9
DA:53,9
DA:54,9
DA:55,9
DA:56,9
DA:57,9
DA:58,9
DA:59,9
DA:60,9
DA:61,9
DA:62,9
DA:63,9
DA:64,9
DA:66,9
DA:67,9
DA:68,7
DA:69,7
DA:70,7
DA:71,7
DA:72,9
DA:73,9
DA:74,9
DA:76,9
DA:78,1
LF:63
LH:63
BRDA:11,0,0,9
BRDA:17,1,0,5
BRDA:19,2,0,4
BRDA:21,3,0,1
BRDA:26,4,0,1
BRDA:37,5,0,1
BRDA:42,6,0,4
BRDA:53,7,0,1
BRDA:59,8,0,1
BRDA:67,9,0,7
BRF:10
BRH:10
end_of_record
TN:
SF:src\Dashboard.tsx
FN:13,Dashboard
FN:28,cargarNotas
FN:50,crearNota
FN:78,eliminarNota
FN:92,logout
FN:110,onChange
FN:116,onChange
FN:133,onClick
FNF:8
FNH:8
FNDA:14,Dashboard
FNDA:7,cargarNotas
FNDA:1,crearNota
FNDA:1,eliminarNota
FNDA:1,logout
FNDA:1,onChange
FNDA:1,onChange
FNDA:1,onClick
DA:2,1
DA:3,1
DA:4,1
DA:5,1
DA:13,14
DA:14,14
DA:15,14
DA:16,14
DA:17,14
DA:18,14
DA:20,14
DA:21,6
DA:22,1
DA:23,6
DA:24,5
DA:25,5
DA:26,14
DA:28,14
DA:29,7
DA:30,7
DA:31,7
DA:32,7
DA:33,7
DA:34,7
DA:37,6
DA:38,10
DA:39,10
DA:40,10
DA:41,6
DA:43,6
DA:44,7
DA:45,1
DA:46,1
DA:47,1
DA:48,7
DA:50,14
DA:51,1
DA:53,1
DA:54,0
DA:55,0
DA:57,1
DA:58,1
DA:59,1
DA:60,1
DA:61,1
DA:62,1
DA:63,1
DA:64,1
DA:65,1
DA:66,1
DA:67,1
DA:68,1
DA:70,1
DA:71,1
DA:72,1
DA:73,1
DA:74,0
DA:75,0
DA:76,1
DA:78,14
DA:79,1
DA:80,1
DA:81,1
DA:82,1
DA:83,1
DA:84,1
DA:85,1
DA:86,1
DA:87,1
DA:88,0
DA:89,0
DA:90,1
DA:92,14
DA:93,1
DA:94,1
DA:95,1
DA:97,14
DA:98,14
DA:99,14
DA:100,14
DA:101,14
DA:102,14
DA:104,14
DA:105,14
DA:106,14
DA:107,14
DA:108,14
DA:109,14
DA:110,14
DA:111,14
DA:112,14
DA:113,14
DA:114,14
DA:115,14
DA:116,14
DA:117,14
DA:118,14
DA:119,14
DA:120,14
DA:121,14
DA:122,14
DA:123,14
DA:125,14
DA:126,14
DA:127,14
DA:128,7
DA:129,7
DA:130,14
DA:131,14
DA:132,14
DA:133,14
DA:135,14
DA:136,7
DA:137,7
DA:139,7
DA:141,7
DA:143,14
DA:144,14
DA:146,14
DA:148,1
LF:120
LH:114
BRDA:13,0,0,14
BRDA:127,1,0,7
BRDA:137,2,0,7
BRDA:20,3,0,6
BRDA:21,4,0,1
BRDA:23,5,0,5
BRDA:28,6,0,7
BRDA:34,7,0,6
BRDA:44,8,0,1
BRDA:37,9,0,10
BRDA:50,10,0,1
BRDA:53,11,0,0
BRDA:73,12,0,0
BRDA:78,13,0,1
BRDA:87,14,0,0
BRDA:92,15,0,1
BRDA:110,16,0,1
BRDA:116,17,0,1
BRDA:129,18,0,14
BRDA:133,19,0,1
BRF:20
BRH:17
end_of_record
TN:
SF:src\Login.tsx
FN:12,Login
FN:18,handleSubmit
FN:96,onChange
FN:121,onChange
FNF:4
FNH:4
FNDA:12,Login
FNDA:3,handleSubmit
FNDA:3,onChange
FNDA:3,onChange
DA:1,1
DA:2,1
DA:3,1
DA:12,12
DA:13,12
DA:14,12
DA:15,12
DA:16,12
DA:18,12
DA:19,3
DA:20,3
DA:21,3
DA:22,3
DA:23,3
DA:24,3
DA:25,3
DA:27,3
DA:28,3
DA:30,3
DA:32,2
DA:33,2
DA:35,2
DA:36,2
DA:37,2
DA:39,3
DA:40,1
DA:41,1
DA:42,1
DA:43,1
DA:44,3
DA:45,0
DA:46,0
DA:47,0
DA:48,3
DA:49,1
DA:50,1
DA:51,1
DA:52,3
DA:54,12
DA:55,12
DA:56,12
DA:57,12
DA:58,12
DA:59,12
DA:60,12
DA:61,12
DA:62,12
DA:63,12
DA:64,12
DA:65,12
DA:66,12
DA:67,12
DA:68,12
DA:69,12
DA:70,12
DA:71,12
DA:72,12
DA:73,12
DA:74,12
DA:75,12
DA:76,12
DA:77,12
DA:78,12
DA:79,12
DA:80,12
DA:81,12
DA:83,12
DA:84,12
DA:85,12
DA:86,12
DA:87,12
DA:88,12
DA:89,12
DA:90,12
DA:91,12
DA:92,12
DA:93,12
DA:94,12
DA:95,12
DA:96,12
DA:97,12
DA:98,12
DA:99,12
DA:100,12
DA:101,12
DA:102,12
DA:103,12
DA:104,12
DA:105,12
DA:106,12
DA:107,12
DA:108,12
DA:110,12
DA:111,12
DA:112,12
DA:113,12
DA:114,12
DA:115,12
DA:116,12
DA:117,12
DA:118,12
DA:119,12
DA:120,12
DA:121,12
DA:122,12
DA:123,12
DA:124,12
DA:125,12
DA:126,12
DA:127,12
DA:128,12
DA:129,12
DA:130,12
DA:131,12
DA:132,12
DA:133,12
DA:135,12
DA:136,12
DA:137,12
DA:138,12
DA:139,12
DA:140,12
DA:141,12
DA:142,12
DA:143,12
DA:144,12
DA:145,12
DA:146,12
DA:147,12
DA:149,12
DA:150,1
DA:151,1
DA:152,1
DA:153,1
DA:154,1
DA:155,1
DA:156,1
DA:158,12
DA:159,12
DA:160,12
DA:161,12
DA:162,12
DA:163,12
DA:164,12
DA:165,12
DA:166,12
DA:167,12
DA:168,12
DA:169,12
DA:170,12
DA:171,12
DA:172,12
DA:174,12
DA:176,1
LF:154
LH:151
BRDA:12,0,0,12
BRDA:149,1,0,1
BRDA:18,2,0,3
BRDA:30,3,0,1
BRDA:30,4,0,0
BRDA:30,5,0,2
BRDA:39,6,0,1
BRDA:44,7,0,0
BRDA:48,8,0,1
BRDA:96,9,0,3
BRDA:121,10,0,3
BRF:11
BRH:9
end_of_record
TN:
SF:src\Menu.tsx
FN:4,Menu
FN:16,onClick
FN:23,onClick
FNF:3
FNH:1
FNDA:3,Menu
FNDA:0,onClick
FNDA:0,onClick
DA:1,1
DA:2,1
DA:4,3
DA:5,3
DA:7,3
DA:8,3
DA:9,3
DA:10,3
DA:11,3
DA:13,3
DA:14,3
DA:15,3
DA:16,3
DA:17,3
DA:19,3
DA:21,3
DA:22,3
DA:23,3
DA:24,3
DA:26,3
DA:27,3
DA:28,3
DA:29,3
DA:31,3
DA:33,1
LF:25
LH:25
BRDA:4,0,0,3
BRF:1
BRH:1
end_of_record
TN:
SF:src\Register.tsx
FN:4,Register
FN:11,handleSubmit
FN:79,onChange
FN:104,onChange
FN:129,onChange
FNF:5
FNH:5
FNDA:16,Register
FNDA:3,handleSubmit
FNDA:3,onChange
FNDA:3,onChange
FNDA:3,onChange
DA:1,1
DA:2,1
DA:4,16
DA:5,16
DA:6,16
DA:7,16
DA:8,16
DA:9,16
DA:11,16
DA:12,3
DA:14,3
DA:15,1
DA:16,1
DA:17,1
DA:19,2
DA:20,2
DA:21,2
DA:22,2
DA:23,2
DA:24,2
DA:25,2
DA:26,2
DA:27,2
DA:29,3
DA:31,1
DA:32,1
DA:33,1
DA:34,1
DA:35,3
DA:37,16
DA:38,16
DA:39,16
DA:40,16
DA:41,16
DA:42,16
DA:43,16
DA:44,16
DA:45,16
DA:46,16
DA:47,16
DA:48,16
DA:49,16
DA:50,16
DA:51,16
DA:52,16
DA:53,16
DA:54,16
DA:55,16
DA:56,16
DA:57,16
DA:58,16
DA:59,16
DA:60,16
DA:61,16
DA:62,16
DA:63,16
DA:64,16
DA:66,16
DA:67,16
DA:68,16
DA:69,16
DA:70,16
DA:71,16
DA:72,16
DA:73,16
DA:74,16
DA:75,16
DA:76,16
DA:77,16
DA:78,16
DA:79,16
DA:80,16
DA:81,16
DA:82,16
DA:83,16
DA:84,16
DA:85,16
DA:86,16
DA:87,16
DA:88,16
DA:89,16
DA:90,16
DA:91,16
DA:93,16
DA:94,16
DA:95,16
DA:96,16
DA:97,16
DA:98,16
DA:99,16
DA:100,16
DA:101,16
DA:102,16
DA:103,16
DA:104,16
DA:105,16
DA:106,16
DA:107,16
DA:108,16
DA:109,16
DA:110,16
DA:111,16
DA:112,16
DA:113,16
DA:114,16
DA:115,16
DA:116,16
DA:118,16
DA:119,16
DA:120,16
DA:121,16
DA:122,16
DA:123,16
DA:124,16
DA:125,16
DA:126,16
DA:127,16
DA:128,16
DA:129,16
DA:130,16
DA:131,16
DA:132,16
DA:133,16
DA:134,16
DA:135,16
DA:136,16
DA:137,16
DA:138,16
DA:139,16
DA:140,16
DA:141,16
DA:143,16
DA:144,16
DA:145,16
DA:146,16
DA:147,16
DA:148,16
DA:149,16
DA:150,16
DA:151,16
DA:152,16
DA:153,16
DA:154,16
DA:155,16
DA:157,16
DA:158,2
DA:159,2
DA:160,2
DA:161,2
DA:162,2
DA:163,2
DA:164,2
DA:166,16
DA:167,16
DA:168,16
DA:169,16
DA:170,16
DA:171,16
DA:172,16
DA:173,16
DA:174,16
DA:175,16
DA:176,16
DA:177,16
DA:178,16
DA:179,16
DA:180,16
DA:182,16
DA:184,1
LF:169
LH:169
BRDA:4,0,0,16
BRDA:157,1,0,2
BRDA:11,2,0,3
BRDA:14,3,0,1
BRDA:17,4,0,2
BRDA:29,5,0,1
BRDA:79,6,0,3
BRDA:104,7,0,3
BRDA:129,8,0,3
BRF:9
BRH:9
end_of_record
TN:
SF:src\api.ts
FN:1,apiFetch
FNF:1
FNH:1
FNDA:5,apiFetch
DA:1,5
DA:2,5
DA:3,5
DA:4,5
DA:5,5
DA:6,5
DA:8,5
DA:9,5
DA:10,5
DA:11,5
DA:13,5
DA:14,3
DA:15,3
LF:13
LH:13
BRDA:1,0,0,5
BRDA:5,1,0,1
BRDA:5,2,0,4
BRDA:11,3,0,4
BRDA:13,4,0,1
BRDA:13,5,0,3
BRF:6
BRH:6
end_of_record
TN:
SF:src\main.tsx
FN:1,(empty-report)
FNF:1
FNH:0
FNDA:0,(empty-report)
DA:1,0
DA:2,0
DA:3,0
DA:4,0
DA:5,0
DA:6,0
DA:7,0
DA:8,0
DA:9,0
DA:10,0
DA:11,0
DA:12,0
DA:13,0
DA:14,0
DA:15,0
DA:16,0
DA:17,0
DA:18,0
DA:19,0
DA:20,0
DA:21,0
DA:22,0
DA:23,0
DA:24,0
DA:25,0
DA:26,0
DA:27,0
DA:28,0
DA:29,0
DA:30,0
DA:31,0
DA:32,0
DA:33,0
DA:34,0
DA:35,0
DA:36,0
DA:37,0
DA:38,0
DA:39,0
DA:40,0
DA:41,0
DA:42,0
DA:43,0
DA:44,0
DA:45,0
DA:46,0
DA:47,0
DA:48,0
DA:49,0
DA:50,0
DA:51,0
DA:52,0
DA:53,0
DA:54,0
DA:55,0
DA:56,0
DA:57,0
DA:58,0
DA:59,0
LF:59
LH:0
BRDA:1,0,0,0
BRF:1
BRH:0
end_of_record
